1686064214609	geckodriver	INFO	Listening on 127.0.0.1:63129
1686064215133	mozrunner::runner	INFO	Running command: MOZ_CRASHREPORTER="1" MOZ_CRASHREPORTER_NO_REPORT="1" MOZ_CRASHREPORTER_SHUTDOWN="1" MOZ_NO_REMOTE="1" "/App ... s" "localhost" "-foreground" "-no-remote" "-profile" "/var/folders/v5/0_548jf12wqdbszddpxj275w0000gn/T/rust_mozprofiledrz0z2"
console.warn: services.settings: Ignoring preference override of remote settings server
console.warn: services.settings: Allow by setting MOZ_REMOTE_SETTINGS_DEVTOOLS=1 in the environment
1686064215404	Marionette	INFO	Marionette enabled
1686064215540	Marionette	INFO	Listening on port 63137
Read port: 63137
console.error: "Warning: unrecognized command line flag -remote-allow-hosts\n"
WebDriver BiDi listening on ws://127.0.0.1:63130
1686064215590	RemoteAgent	WARN	TLS certificate errors will be ignored for this session
UNSUPPORTED (log once): POSSIBLE ISSUE: unit 1 GLD_TEXTURE_INDEX_2D is unloadable and bound to sampler type (Float) - using zero texture because texture unloadable
DevTools listening on ws://127.0.0.1:63130/devtools/browser/9c26018e-9b9f-40a3-9a33-731351c2b17a
JavaScript warning: https://www.fidelidade.pt/PT/particulares/Paginas/default.aspx, line 283: unreachable code after return statement
JavaScript warning: https://grmtech.net/r/pt46922a0880a8f11f8f69cbb52b1396be.js, line 449: WEBGL_debug_renderer_info is deprecated in Firefox and will be removed. Please use RENDERER.
JavaScript warning: https://grmtech.net/r/pt46922a0880a8f11f8f69cbb52b1396be.js, line 449: WEBGL_debug_renderer_info is deprecated in Firefox and will be removed. Please use RENDERER.
JavaScript error: https://automation.fidelidade.pt/hs/hsstatic/jquery-libs/static-1.4/jquery-migrate/jquery-migrate-1.2.1.js, line 2: ReferenceError: jQuery is not defined
JavaScript error: https://automation.fidelidade.pt/hs-fs/hub/5369258/hub_generated/template_assets/100000217117/1674736250866/Carousel-fidelidade/js/carousel-Item.min.js, line 1: ReferenceError: $ is not defined
JavaScript error: https://automation.fidelidade.pt/hs-fs/hub/5369258/hub_generated/template_assets/100000217117/1674736250866/Carousel-fidelidade/js/carousel-Item.min.js, line 1: ReferenceError: $ is not defined
JavaScript warning: https://www.fidelidade.pt/_layouts/sp.ribbon.js?rev=F%2BUEJ66rbXzSvpf7nN69wQ%3D%3D, line 2: unreachable code after return statement
1686064233937	Marionette	INFO	Stopped listening on port 63137
