1686064146991	geckodriver	INFO	Listening on 127.0.0.1:62990
1686064147516	mozrunner::runner	INFO	Running command: MOZ_CRASHREPORTER="1" MOZ_CRASHREPORTER_NO_REPORT="1" MOZ_CRASHREPORTER_SHUTDOWN="1" MOZ_NO_REMOTE="1" "/App ... s" "localhost" "-foreground" "-no-remote" "-profile" "/var/folders/v5/0_548jf12wqdbszddpxj275w0000gn/T/rust_mozprofileVHARfm"
console.warn: services.settings: Ignoring preference override of remote settings server
console.warn: services.settings: Allow by setting MOZ_REMOTE_SETTINGS_DEVTOOLS=1 in the environment
1686064147794	Marionette	INFO	Marionette enabled
1686064147928	Marionette	INFO	Listening on port 63012
Read port: 63012
console.error: "Warning: unrecognized command line flag -remote-allow-hosts\n"
WebDriver BiDi listening on ws://127.0.0.1:62991
1686064147977	RemoteAgent	WARN	TLS certificate errors will be ignored for this session
UNSUPPORTED (log once): POSSIBLE ISSUE: unit 1 GLD_TEXTURE_INDEX_2D is unloadable and bound to sampler type (Float) - using zero texture because texture unloadable
DevTools listening on ws://127.0.0.1:62991/devtools/browser/19e9c173-fc8b-4083-a863-4dda2f6ead43
JavaScript warning: https://www.fidelidade.pt/PT/particulares/Paginas/default.aspx, line 283: unreachable code after return statement
JavaScript warning: https://grmtech.net/r/pt46922a0880a8f11f8f69cbb52b1396be.js, line 449: WEBGL_debug_renderer_info is deprecated in Firefox and will be removed. Please use RENDERER.
JavaScript warning: https://grmtech.net/r/pt46922a0880a8f11f8f69cbb52b1396be.js, line 449: WEBGL_debug_renderer_info is deprecated in Firefox and will be removed. Please use RENDERER.
JavaScript warning: https://www.fidelidade.pt/_layouts/sp.ribbon.js?rev=F%2BUEJ66rbXzSvpf7nN69wQ%3D%3D, line 2: unreachable code after return statement
1686064205646	Marionette	INFO	Stopped listening on port 63012
console.error: services.settings: 
  Message: NetworkError: Network error: TypeError: NetworkError: Network request failed
  Stack:
    APIError@resource://services-settings/RemoteSettingsClient.sys.mjs:111:1
NetworkError@resource://services-settings/RemoteSettingsClient.sys.mjs:115:5
_adjustedError@resource://services-settings/RemoteSettingsClient.sys.mjs:911:14
maybeSync@resource://services-settings/RemoteSettingsClient.sys.mjs:816:38

console.error: (new Error("IndexedDB: main/nimbus-web-experiments getLastModified() IndexedDB:  execute() The application is shutting down", "resource://services-settings/IDBHelpers.jsm", 18))
